# JRE version: OpenJDK Runtime Environment (8.0_202-b03) (build 1.8.0_202-release-1483-b03)
# Java VM: OpenJDK 64-Bit Server VM (25.202-b03 mixed mode windows-amd64 compressed oops)
Heap:
 PSYoungGen      total 162816K, used 5818K [0x00000000e0000000, 0x00000000eb580000, 0x0000000100000000)
  eden space 142848K, 4% used [0x00000000e0000000,0x00000000e05ae8a0,0x00000000e8b80000)
  from space 19968K, 0% used [0x00000000e8b80000,0x00000000e8b80000,0x00000000e9f00000)
  to   space 15872K, 0% used [0x00000000e9f00000,0x00000000e9f00000,0x00000000eae80000)
 ParOldGen       total 88064K, used 30858K [0x00000000a0000000, 0x00000000a5600000, 0x00000000e0000000)
  object space 88064K, 35% used [0x00000000a0000000,0x00000000a1e22bc0,0x00000000a5600000)
 Metaspace       used 57662K, capacity 59194K, committed 59284K, reserved 1099776K
  class space    used 7805K, capacity 8166K, committed 8192K, reserved 1048576K
GC Heap History (10 events):
Event: 29.204 GC heap before
{Heap before GC invocations=12 (full 2):
 PSYoungGen      total 124928K, used 10230K [0x00000000e0000000, 0x00000000ea800000, 0x0000000100000000)
  eden space 114688K, 0% used [0x00000000e0000000,0x00000000e0000000,0x00000000e7000000)
  from space 10240K, 99% used [0x00000000e7d00000,0x00000000e86fd908,0x00000000e8700000)
  to   space 13312K, 0% used [0x00000000e7000000,0x00000000e7000000,0x00000000e7d00000)
 ParOldGen       total 38912K, used 12159K [0x00000000a0000000, 0x00000000a2600000, 0x00000000e0000000)
  object space 38912K, 31% used [0x00000000a0000000,0x00000000a0bdfc98,0x00000000a2600000)
 Metaspace       used 34534K, capacity 35184K, committed 35416K, reserved 1079296K
  class space    used 4747K, capacity 4933K, committed 4992K, reserved 1048576K
Event: 29.468 GC heap after
Heap after GC invocations=12 (full 2):
 PSYoungGen      total 124928K, used 0K [0x00000000e0000000, 0x00000000ea800000, 0x0000000100000000)
  eden space 114688K, 0% used [0x00000000e0000000,0x00000000e0000000,0x00000000e7000000)
  from space 10240K, 0% used [0x00000000e7d00000,0x00000000e7d00000,0x00000000e8700000)
  to   space 13312K, 0% used [0x00000000e7000000,0x00000000e7000000,0x00000000e7d00000)
 ParOldGen       total 57344K, used 17357K [0x00000000a0000000, 0x00000000a3800000, 0x00000000e0000000)
  object space 57344K, 30% used [0x00000000a0000000,0x00000000a10f3610,0x00000000a3800000)
 Metaspace       used 34534K, capacity 35184K, committed 35416K, reserved 1079296K
  class space    used 4747K, capacity 4933K, committed 4992K, reserved 1048576K
}
Event: 34.101 GC heap before
{Heap before GC invocations=13 (full 2):
 PSYoungGen      total 124928K, used 114688K [0x00000000e0000000, 0x00000000ea800000, 0x0000000100000000)
  eden space 114688K, 100% used [0x00000000e0000000,0x00000000e7000000,0x00000000e7000000)
  from space 10240K, 0% used [0x00000000e7d00000,0x00000000e7d00000,0x00000000e8700000)
  to   space 13312K, 0% used [0x00000000e7000000,0x00000000e7000000,0x00000000e7d00000)
 ParOldGen       total 57344K, used 17357K [0x00000000a0000000, 0x00000000a3800000, 0x00000000e0000000)
  object space 57344K, 30% used [0x00000000a0000000,0x00000000a10f3610,0x00000000a3800000)
 Metaspace       used 45223K, capacity 46192K, committed 46552K, reserved 1089536K
  class space    used 6076K, capacity 6357K, committed 6400K, reserved 1048576K
Event: 34.164 GC heap after
Heap after GC invocations=13 (full 2):
 PSYoungGen      total 128000K, used 13308K [0x00000000e0000000, 0x00000000eae80000, 0x0000000100000000)
  eden space 114688K, 0% used [0x00000000e0000000,0x00000000e0000000,0x00000000e7000000)
  from space 13312K, 99% used [0x00000000e7000000,0x00000000e7cff2b0,0x00000000e7d00000)
  to   space 15872K, 0% used [0x00000000e9f00000,0x00000000e9f00000,0x00000000eae80000)
 ParOldGen       total 57344K, used 19032K [0x00000000a0000000, 0x00000000a3800000, 0x00000000e0000000)
  object space 57344K, 33% used [0x00000000a0000000,0x00000000a1296260,0x00000000a3800000)
 Metaspace       used 45223K, capacity 46192K, committed 46552K, reserved 1089536K
  class space    used 6076K, capacity 6357K, committed 6400K, reserved 1048576K
}
Event: 39.408 GC heap before
{Heap before GC invocations=14 (full 2):
 PSYoungGen      total 128000K, used 127996K [0x00000000e0000000, 0x00000000eae80000, 0x0000000100000000)
  eden space 114688K, 100% used [0x00000000e0000000,0x00000000e7000000,0x00000000e7000000)
  from space 13312K, 99% used [0x00000000e7000000,0x00000000e7cff2b0,0x00000000e7d00000)
  to   space 15872K, 0% used [0x00000000e9f00000,0x00000000e9f00000,0x00000000eae80000)
 ParOldGen       total 57344K, used 19032K [0x00000000a0000000, 0x00000000a3800000, 0x00000000e0000000)
  object space 57344K, 33% used [0x00000000a0000000,0x00000000a1296260,0x00000000a3800000)
 Metaspace       used 55694K, capacity 57108K, committed 57304K, reserved 1099776K
  class space    used 7558K, capacity 7921K, committed 7936K, reserved 1048576K
Event: 39.463 GC heap after
Heap after GC invocations=14 (full 2):
 PSYoungGen      total 158720K, used 15853K [0x00000000e0000000, 0x00000000eb580000, 0x0000000100000000)
  eden space 142848K, 0% used [0x00000000e0000000,0x00000000e0000000,0x00000000e8b80000)
  from space 15872K, 99% used [0x00000000e9f00000,0x00000000eae7b4b0,0x00000000eae80000)
  to   space 19968K, 0% used [0x00000000e8b80000,0x00000000e8b80000,0x00000000e9f00000)
 ParOldGen       total 57344K, used 23388K [0x00000000a0000000, 0x00000000a3800000, 0x00000000e0000000)
  object space 57344K, 40% used [0x00000000a0000000,0x00000000a16d72e8,0x00000000a3800000)
 Metaspace       used 55694K, capacity 57108K, committed 57304K, reserved 1099776K
  class space    used 7558K, capacity 7921K, committed 7936K, reserved 1048576K
}
Event: 42.524 GC heap before
{Heap before GC invocations=15 (full 2):
 PSYoungGen      total 158720K, used 45883K [0x00000000e0000000, 0x00000000eb580000, 0x0000000100000000)
  eden space 142848K, 21% used [0x00000000e0000000,0x00000000e1d53900,0x00000000e8b80000)
  from space 15872K, 99% used [0x00000000e9f00000,0x00000000eae7b4b0,0x00000000eae80000)
  to   space 19968K, 0% used [0x00000000e8b80000,0x00000000e8b80000,0x00000000e9f00000)
 ParOldGen       total 57344K, used 23388K [0x00000000a0000000, 0x00000000a3800000, 0x00000000e0000000)
  object space 57344K, 40% used [0x00000000a0000000,0x00000000a16d72e8,0x00000000a3800000)
 Metaspace       used 57435K, capacity 58966K, committed 59028K, reserved 1099776K
  class space    used 7760K, capacity 8134K, committed 8192K, reserved 1048576K
Event: 42.621 GC heap after
Heap after GC invocations=15 (full 2):
 PSYoungGen      total 162816K, used 3122K [0x00000000e0000000, 0x00000000eb580000, 0x0000000100000000)
  eden space 142848K, 0% used [0x00000000e0000000,0x00000000e0000000,0x00000000e8b80000)
  from space 19968K, 15% used [0x00000000e8b80000,0x00000000e8e8c970,0x00000000e9f00000)
  to   space 15872K, 0% used [0x00000000e9f00000,0x00000000e9f00000,0x00000000eae80000)
 ParOldGen       total 57344K, used 35382K [0x00000000a0000000, 0x00000000a3800000, 0x00000000e0000000)
  object space 57344K, 61% used [0x00000000a0000000,0x00000000a228db40,0x00000000a3800000)
 Metaspace       used 57435K, capacity 58966K, committed 59028K, reserved 1099776K
  class space    used 7760K, capacity 8134K, committed 8192K, reserved 1048576K
}
Event: 42.621 GC heap before
{Heap before GC invocations=16 (full 3):
 PSYoungGen      total 162816K, used 3122K [0x00000000e0000000, 0x00000000eb580000, 0x0000000100000000)
  eden space 142848K, 0% used [0x00000000e0000000,0x00000000e0000000,0x00000000e8b80000)
  from space 19968K, 15% used [0x00000000e8b80000,0x00000000e8e8c970,0x00000000e9f00000)
  to   space 15872K, 0% used [0x00000000e9f00000,0x00000000e9f00000,0x00000000eae80000)
 ParOldGen       total 57344K, used 35382K [0x00000000a0000000, 0x00000000a3800000, 0x00000000e0000000)
  object space 57344K, 61% used [0x00000000a0000000,0x00000000a228db40,0x00000000a3800000)
 Metaspace       used 57435K, capacity 58966K, committed 59028K, reserved 1099776K
  class space    used 7760K, capacity 8134K, committed 8192K, reserved 1048576K
Event: 43.161 GC heap after
Heap after GC invocations=16 (full 3):
 PSYoungGen      total 162816K, used 0K [0x00000000e0000000, 0x00000000eb580000, 0x0000000100000000)
  eden space 142848K, 0% used [0x00000000e0000000,0x00000000e0000000,0x00000000e8b80000)
  from space 19968K, 0% used [0x00000000e8b80000,0x00000000e8b80000,0x00000000e9f00000)
  to   space 15872K, 0% used [0x00000000e9f00000,0x00000000e9f00000,0x00000000eae80000)
 ParOldGen       total 88064K, used 30858K [0x00000000a0000000, 0x00000000a5600000, 0x00000000e0000000)
  object space 88064K, 35% used [0x00000000a0000000,0x00000000a1e22bc0,0x00000000a5600000)
 Metaspace       used 57435K, capacity 58966K, committed 59028K, reserved 1099776K
  class space    used 7760K, capacity 8134K, committed 8192K, reserved 1048576K
}

